[SYSTEM] 2025-11-06T08:53:04.7524651+01:00 ✅ Default medical items loaded from CSV
[SYSTEM] 2025-11-06T08:53:04.7966483+01:00 Default charging stations initialized
[SYSTEM] 2025-11-06T10:12:45.8304916+01:00 ✅ Default medical items loaded from CSV
[SYSTEM] 2025-11-06T10:12:45.8588623+01:00 Default charging stations initialized
[SYSTEM] 2025-11-06T10:13:20.2000167+01:00 Task created: 1 -> AUTO-DIST: l
[SYSTEM] 2025-11-06T10:21:11.9080029+01:00 ✅ Default medical items loaded from CSV
[SYSTEM] 2025-11-06T10:21:11.9301159+01:00 Default charging stations initialized
[SYSTEM] 2025-11-06T10:21:51.2942678+01:00 Vehicle added: StorageVehicle{id='1', name='ee', battery=15%}
[SYSTEM] 2025-11-06T10:22:00.6794235+01:00 Vehicle added: StorageVehicle{id='2', name='aa', battery=15%}
[SYSTEM] 2025-11-06T10:22:05.3755429+01:00 Task created: AUTO-1762420925364 -> Auto-distribute available items to empty vehicles
[SYSTEM] 2025-11-06T10:49:38.5328674+01:00 ✅ Default medical items loaded from CSV
[SYSTEM] 2025-11-06T10:49:38.5599679+01:00 Default charging stations initialized
[SYSTEM] 2025-11-06T10:50:04.3149328+01:00 Vehicle added: StorageVehicle{id='1', name='sas', battery=15%}
[SYSTEM] 2025-11-06T10:50:09.6096245+01:00 Vehicle added: StorageVehicle{id='2', name='ssaa', battery=15%}
[SYSTEM] 2025-11-06T10:50:14.0093875+01:00 Vehicle added: StorageVehicle{id='3', name='sasaa', battery=15%}
[SYSTEM] 2025-11-06T10:50:22.4151463+01:00 Vehicle added: StorageVehicle{id='4', name='dsdsda', battery=15%}
[SYSTEM] 2025-11-06T11:29:12.3236201+01:00 ✅ Default medical items loaded from CSV
[SYSTEM] 2025-11-06T11:29:12.4571289+01:00 Default charging stations initialized
[SYSTEM] 2025-11-06T11:29:17.4990598+01:00 Vehicle added: StorageVehicle{id='1', name='aa', battery=15%}
[SYSTEM] 2025-11-06T11:29:21.0522873+01:00 Vehicle added: StorageVehicle{id='2', name='bb', battery=15%}
[SYSTEM] 2025-11-06T11:29:25.8987159+01:00 Vehicle added: StorageVehicle{id='3', name='cc', battery=15%}
[SYSTEM] 2025-11-06T11:29:31.0915404+01:00 Task created: AUTO-1762424971081 -> Auto-distribute available items to empty vehicles
[SYSTEM] 2025-11-06T11:42:49.2397624+01:00 Default charging stations initialized.
[SYSTEM] 2025-11-06T11:42:57.8838229+01:00 Vehicle added: StorageVehicle{id='1', name='aa', battery=15%}
[SYSTEM] 2025-11-06T11:43:01.6077253+01:00 Vehicle added: StorageVehicle{id='2', name='ass', battery=15%}
[SYSTEM] 2025-11-06T11:43:06.578283+01:00 Vehicle added: StorageVehicle{id='3', name='rferc', battery=15%}
[SYSTEM] 2025-11-06T11:43:12.0534771+01:00 Task created: Task{id='AUTO-1762425792033', description='Auto-distribute available items to empty vehicles', assigneeVehicleId='null', status=PENDING}
[SYSTEM] 2025-11-06T11:58:33.9894089+01:00 Default charging stations initialized.
[SYSTEM] 2025-11-06T11:58:41.7865521+01:00 Vehicle added: StorageVehicle{id='1', name='aa', battery=15%}
[SYSTEM] 2025-11-06T12:06:18.2934961+01:00 Vehicle added: StorageVehicle{id='1', name='aa', battery=15%}
[SYSTEM] 2025-11-06T12:06:41.3341518+01:00 Vehicle added: StorageVehicle{id='2', name='ddd', battery=15%}
[SYSTEM] 2025-11-06T12:06:45.6762093+01:00 Vehicle added: StorageVehicle{id='3', name='ssa', battery=15%}
[SYSTEM] 2025-11-06T12:06:49.5265698+01:00 Task created: Task{id='AUTO-1762427209509', description='Auto-distribute items', assigneeVehicleId='null', status=PENDING}
[SYSTEM] 2025-11-06T12:07:26.0128811+01:00 Vehicle added: StorageVehicle{id='4', name='dd', battery=15%}
[SYSTEM] 2025-11-06T14:37:05.3496305+01:00 Vehicle added: StorageVehicle{id='3', name='dd', battery=15%}
[SYSTEM] 2025-11-06T14:39:30.4755086+01:00 Task created: Task{id='AUTO-1762436370458', description='Auto-distribute items', assigneeVehicleId='null', status=PENDING}
[SYSTEM] 2025-11-06T18:48:20.2895181+01:00 Task created: Task{id='AUTO-1762451300191', description='Auto-distribute items', assigneeVehicleId='null', status=PENDING}
[SYSTEM] 2025-11-06T18:49:01.1162649+01:00 Vehicle added: StorageVehicle{id='1', name='aa', battery=15%}
[SYSTEM] 2025-11-06T18:49:05.9518271+01:00 Vehicle added: StorageVehicle{id='2', name='bb', battery=15%}
[SYSTEM] 2025-11-06T18:49:10.5370249+01:00 Vehicle added: StorageVehicle{id='3', name='cc', battery=15%}
[SYSTEM] 2025-11-06T18:49:13.9149002+01:00 Task created: Task{id='AUTO-1762451353896', description='Auto-distribute items', assigneeVehicleId='null', status=PENDING}
[SYSTEM] 2025-11-06T19:45:57.2480124+01:00 Vehicle added: StorageVehicle{id='1', name='ww', battery=15%}
[SYSTEM] 2025-11-06T19:46:03.2866727+01:00 Vehicle added: StorageVehicle{id='2', name='ee', battery=15%}
[SYSTEM] 2025-11-06T19:46:10.3938553+01:00 Vehicle added: StorageVehicle{id='3', name='rr', battery=15%}
[SYSTEM] 2025-11-06T19:46:18.7309741+01:00 Task created: Task{id='AUTO-1762454778714', description='Auto-distribute items', assigneeVehicleId='null', status=PENDING}
[SYSTEM] 2025-11-06T19:47:10.3087658+01:00 Task created: Task{id='4', description='test', assigneeVehicleId='null', status=PENDING}
[SYSTEM] 2025-11-06T19:47:23.2643828+01:00 Vehicle added: StorageVehicle{id='4', name='yyyy', battery=15%}
[SYSTEM] 2025-11-06T19:47:40.973501+01:00 Vehicle added: StorageVehicle{id='8', name='yy', battery=15%}
[SYSTEM] 2025-11-06T19:47:54.8317547+01:00 Task created: Task{id='7', description='yyuy', assigneeVehicleId='9', status=PENDING}
[SYSTEM] 2025-11-06T19:48:16.0990906+01:00 Vehicle added: StorageVehicle{id='7', name='iu', battery=15%}
[SYSTEM] 2025-11-06T19:48:38.2463874+01:00 Task created: Task{id='98', description='iuu', assigneeVehicleId='7', status=PENDING}
[SYSTEM] 2025-11-06T19:50:29.2546815+01:00 Task created: Task{id='100', description='jkkk', assigneeVehicleId='8', status=PENDING}
[SYSTEM] 2025-11-06T19:50:45.4867021+01:00 Task created: Task{id='909', description='fjjsj', assigneeVehicleId='7', status=PENDING}
[SYSTEM] 2025-11-06T19:52:30.623901+01:00 Task created: Task{id='8', description='rtr', assigneeVehicleId='8', status=PENDING}
[SYSTEM] 2025-11-06T19:56:38.1111643+01:00 Task created: Task{id='AUTO-1762455398110', description='Auto-distribute items', assigneeVehicleId='null', status=PENDING}
[SYSTEM] 2025-11-06T19:59:35.8995988+01:00 Task created: Task{id='99', description='oooo', assigneeVehicleId='null', status=PENDING}
[SYSTEM] 2025-11-06T20:00:06.8241302+01:00 Task created: Task{id='998', description='uiui', assigneeVehicleId='8', status=PENDING}
[SYSTEM] 2025-11-06T20:02:34.8769109+01:00 Task 998 -> IN_PROGRESS
[SYSTEM] 2025-11-06T20:03:10.0611482+01:00 Task 998 -> DONE
[SYSTEM] 2025-11-06T20:15:00.4893944+01:00 Task created: Task{id='1', description='', assigneeVehicleId='null', status=PENDING}
[SYSTEM] 2025-11-06T20:15:55.671619+01:00 Vehicle added: StorageVehicle{id='1', name='ELENA', battery=15%}
[SYSTEM] 2025-11-06T20:16:16.5133396+01:00 Task created: Task{id='14', description='ELENAKINA', assigneeVehicleId='1', status=PENDING}
[SYSTEM] 2025-11-06T20:17:35.7241001+01:00 Task 14 -> DONE
[SYSTEM] 2025-11-06T20:18:06.9178935+01:00 Task created: Task{id='AUTO-1762456686911', description='Auto-distribute items', assigneeVehicleId='null', status=PENDING}
[SYSTEM] 2025-11-06T20:18:43.9002136+01:00 Vehicle added: StorageVehicle{id='2', name='KINA', battery=15%}
[SYSTEM] 2025-11-06T20:22:41.8743069+01:00 Task created: Task{id='AUTO-1762456961814', description='Auto-distribute items', assigneeVehicleId='null', status=PENDING}
[SYSTEM] 2025-11-06T21:40:56.7961727+01:00 Task created: Task{id='1', description='FF', assigneeVehicleId='1', status=PENDING}
[SYSTEM] 2025-11-06T21:47:28.1557172+01:00 Task 1 -> DONE
[SYSTEM] 2025-11-06T21:51:15.89064+01:00 Task created: Task{id='AUTO-1762462275888', description='Auto-distribute items', assigneeVehicleId='null', status=PENDING}
[SYSTEM] 2025-11-06T21:59:37.1415381+01:00 Task created: Task{id='2', description='hjj', assigneeVehicleId='null', status=PENDING}
[SYSTEM] 2025-11-06T22:16:07.7059655+01:00 Vehicle added: StorageVehicle{id='1', name='elen', battery=15%}
[SYSTEM] 2025-11-06T22:16:38.0574975+01:00 Task created: Task{id='1', description='ee', assigneeVehicleId='1', status=PENDING}
[SYSTEM] 2025-11-06T22:52:52.7495242+01:00 Vehicle added: StorageVehicle{id='1', name='ele', battery=15%}
[SYSTEM] 2025-11-06T22:53:10.214559+01:00 Task created: Task{id='1', description='ee', assigneeVehicleId='1', status=PENDING}
[SYSTEM] 2025-11-06T23:02:40.9990165+01:00 🟡 Added unassigned item: 1 (ee), qty=4
[SYSTEM] 2025-11-06T23:02:52.7354401+01:00 Vehicle added: StorageVehicle{id='1', name='ee', battery=15%}
[SYSTEM] 2025-11-06T23:03:05.9315595+01:00 Task created: Task{id='1', description='ee', assigneeVehicleId='1', status=PENDING}
[SYSTEM] 2025-11-06T23:03:28.4016857+01:00 Task created: Task{id='2', description='ss', assigneeVehicleId='5', status=PENDING}
[SYSTEM] 2025-11-06T23:08:45.5254596+01:00 Task created: Task{id='1', description='s', assigneeVehicleId='1', status=PENDING}
[SYSTEM] 2025-11-06T23:16:50.6147926+01:00 Vehicle added: StorageVehicle{id='1', name='elen', battery=15%}
[SYSTEM] 2025-11-06T23:17:20.5037587+01:00 🟡 Added unassigned item: elena (kin), qty=6
[SYSTEM] 2025-11-06T23:17:42.537134+01:00 Task created: Task{id='1', description='ee', assigneeVehicleId='1', status=PENDING}
[SYSTEM] 2025-11-06T23:32:32.5987978+01:00 Vehicle added: StorageVehicle{id='1', name='ww', battery=15%}
[SYSTEM] 2025-11-06T23:32:44.4231834+01:00 🟡 Added unassigned item: ee (ee), qty=5
[SYSTEM] 2025-11-06T23:33:00.2635411+01:00 Task created: Task{id='1', description='ee', assigneeVehicleId='1', status=PENDING}
[SYSTEM] 2025-11-06T23:35:13.2121801+01:00 Task 1 -> IN_PROGRESS
[SYSTEM] 2025-11-06T23:36:51.554022+01:00 Vehicle added: StorageVehicle{id='1', name='EE', battery=100%}
[SYSTEM] 2025-11-06T23:37:19.2841516+01:00 🟡 Added unassigned item: WW (QQ), qty=5
[SYSTEM] 2025-11-06T23:37:30.6648275+01:00 Task created: Task{id='1', description='DD', assigneeVehicleId='1', status=PENDING}
[SYSTEM] 2025-11-06T23:37:43.1216473+01:00 Task 1 -> IN_PROGRESS
[SYSTEM] 2025-11-06T23:49:00.6921344+01:00 Vehicle added: StorageVehicle{id='1', name='ee', battery=100%}
[SYSTEM] 2025-11-06T23:49:09.0208678+01:00 🟡 Added unassigned item: ww (ww), qty=4
[SYSTEM] 2025-11-06T23:49:38.0982143+01:00 Task created: Task{id='1', description='d', assigneeVehicleId='1', status=PENDING}
[SYSTEM] 2025-11-06T23:49:50.1994014+01:00 Task 1 -> IN_PROGRESS
[SYSTEM] 2025-11-06T23:50:50.2460215+01:00 [TASK 1] ✅ Manual delivery complete for ee
